SF:lib\layout\home_layout.dart
DA:8,1
DA:10,1
DA:11,1
DA:22,1
DA:24,1
DA:25,1
DA:29,1
DA:30,1
DA:38,0
DA:39,0
DA:40,0
DA:43,3
LF:12
LH:9
end_of_record
SF:lib\main.dart
DA:4,0
DA:5,0
DA:6,0
LF:3
LH:0
end_of_record
SF:lib\modules\active_tasks_screen\active_tasks_screen.dart
DA:4,1
DA:6,0
DA:7,0
DA:12,0
DA:14,0
DA:16,0
DA:17,0
DA:18,0
DA:21,0
DA:22,0
DA:24,0
LF:11
LH:1
end_of_record
SF:lib\modules\archived_tasks_screen\archive_tasks_screen.dart
DA:4,1
DA:6,0
DA:7,0
DA:11,0
LF:4
LH:1
end_of_record
SF:lib\modules\done_tasks_screen\done_tasks_screen.dart
DA:4,1
DA:6,0
DA:7,0
DA:11,0
LF:4
LH:1
end_of_record
